\BOOKMARK [0][-]{section*.2}{\376\377\000L\000e\000m\000b\000a\000r\000\040\000P\000e\000n\000g\000e\000s\000a\000h\000a\000n}{}% 1
\BOOKMARK [0][-]{section*.3}{\376\377\000H\000a\000l\000a\000m\000a\000n\000\040\000P\000e\000r\000n\000y\000a\000t\000a\000a\000n\000\040\000O\000r\000i\000s\000i\000n\000a\000l\000i\000t\000a\000s}{}% 2
\BOOKMARK [0][-]{section*.4}{\376\377\000H\000a\000l\000a\000m\000a\000n\000\040\000P\000e\000r\000s\000e\000t\000u\000j\000u\000a\000n\000\040\000P\000u\000b\000l\000i\000k\000a\000s\000i}{}% 3
\BOOKMARK [0][-]{section*.5}{\376\377\000K\000a\000t\000a\000\040\000P\000e\000n\000g\000a\000n\000t\000a\000r}{}% 4
\BOOKMARK [0][-]{section*.6}{\376\377\000R\000i\000n\000g\000k\000a\000s\000a\000n}{}% 5
\BOOKMARK [0][-]{section*.7}{\376\377\000A\000b\000s\000t\000r\000a\000k}{}% 6
\BOOKMARK [0][-]{section*.8}{\376\377\000A\000b\000s\000t\000r\000a\000c\000t}{}% 7
\BOOKMARK [0][-]{section*.9}{\376\377\000D\000a\000f\000t\000a\000r\000\040\000I\000s\000i}{}% 8
\BOOKMARK [0][-]{section*.11}{\376\377\000D\000a\000f\000t\000a\000r\000\040\000T\000a\000b\000e\000l}{}% 9
\BOOKMARK [0][-]{section*.13}{\376\377\000D\000a\000f\000t\000a\000r\000\040\000G\000a\000m\000b\000a\000r}{}% 10
\BOOKMARK [0][-]{section*.15}{\376\377\000D\000a\000f\000t\000a\000r\000\040\000P\000e\000r\000s\000a\000m\000a\000a\000n}{}% 11
\BOOKMARK [0][-]{chapter.1}{\376\377\000P\000e\000n\000d\000a\000h\000u\000l\000u\000a\000n}{}% 12
\BOOKMARK [1][-]{section.1.1}{\376\377\000L\000a\000t\000a\000r\000\040\000B\000e\000l\000a\000k\000a\000n\000g}{chapter.1}% 13
\BOOKMARK [1][-]{section.1.2}{\376\377\000R\000u\000m\000u\000s\000a\000n\000\040\000m\000a\000s\000a\000l\000a\000h}{chapter.1}% 14
\BOOKMARK [1][-]{section.1.3}{\376\377\000T\000u\000j\000u\000a\000n}{chapter.1}% 15
\BOOKMARK [1][-]{section.1.4}{\376\377\000B\000a\000t\000a\000s\000a\000n\000\040\000M\000a\000s\000a\000l\000a\000h}{chapter.1}% 16
\BOOKMARK [1][-]{section.1.5}{\376\377\000M\000a\000n\000f\000a\000a\000t\000\040\000P\000e\000n\000e\000l\000i\000t\000i\000a\000n}{chapter.1}% 17
\BOOKMARK [1][-]{section.1.6}{\376\377\000S\000i\000s\000t\000e\000m\000a\000t\000i\000k\000a\000\040\000P\000e\000n\000u\000l\000i\000s\000a\000n}{chapter.1}% 18
\BOOKMARK [2][-]{subsection.1.6.1}{\376\377\000B\000a\000b\000\040\000I}{section.1.6}% 19
\BOOKMARK [2][-]{subsection.1.6.2}{\376\377\000B\000a\000b\000\040\000I\000I}{section.1.6}% 20
\BOOKMARK [2][-]{subsection.1.6.3}{\376\377\000B\000a\000b\000\040\000I\000I\000I}{section.1.6}% 21
\BOOKMARK [2][-]{subsection.1.6.4}{\376\377\000B\000a\000b\000\040\000I\000V}{section.1.6}% 22
\BOOKMARK [2][-]{subsection.1.6.5}{\376\377\000B\000a\000b\000\040\000V}{section.1.6}% 23
\BOOKMARK [0][-]{chapter.2}{\376\377\000T\000i\000n\000j\000a\000u\000a\000n\000\040\000P\000u\000s\000t\000a\000k\000a}{}% 24
\BOOKMARK [1][-]{section.2.1}{\376\377\000T\000i\000n\000j\000a\000u\000a\000n\000\040\000P\000u\000s\000t\000a\000k\000a}{chapter.2}% 25
\BOOKMARK [1][-]{section.2.2}{\376\377\000D\000a\000s\000a\000r\000\040\000T\000e\000o\000r\000i}{chapter.2}% 26
\BOOKMARK [2][-]{subsection.2.2.1}{\376\377\000S\000u\000b\000b\000a\000b\000\040\0001}{section.2.2}% 27
\BOOKMARK [2][-]{subsection.2.2.2}{\376\377\000S\000u\000b\000b\000a\000b\000\040\0002}{section.2.2}% 28
\BOOKMARK [0][-]{chapter.3}{\376\377\000A\000n\000a\000l\000i\000s\000i\000s\000\040\000d\000a\000n\000\040\000P\000e\000r\000a\000n\000c\000a\000n\000g\000a\000n}{}% 29
\BOOKMARK [1][-]{section.3.1}{\376\377\000A\000l\000u\000r\000\040\000P\000e\000n\000e\000l\000i\000t\000i\000a\000n}{chapter.3}% 30
\BOOKMARK [1][-]{section.3.2}{\376\377\000P\000e\000n\000j\000a\000b\000a\000r\000a\000n\000\040\000L\000a\000n\000g\000k\000a\000h\000\040\000P\000e\000n\000e\000l\000i\000t\000i\000a\000n}{chapter.3}% 31
\BOOKMARK [2][-]{subsection.3.2.1}{\376\377\000L\000a\000n\000g\000k\000a\000h\000\040\0001}{section.3.2}% 32
\BOOKMARK [2][-]{subsection.3.2.2}{\376\377\000L\000a\000n\000g\000k\000a\000h\000\040\0002}{section.3.2}% 33
\BOOKMARK [1][-]{section.3.3}{\376\377\000A\000l\000a\000t\000\040\000d\000a\000n\000\040\000B\000a\000h\000a\000n\000\040\000T\000u\000g\000a\000s\000\040\000A\000k\000h\000i\000r}{chapter.3}% 34
\BOOKMARK [2][-]{subsection.3.3.1}{\376\377\000A\000l\000a\000t}{section.3.3}% 35
\BOOKMARK [2][-]{subsection.3.3.2}{\376\377\000B\000a\000h\000a\000n}{section.3.3}% 36
\BOOKMARK [1][-]{section.3.4}{\376\377\000M\000e\000t\000o\000d\000e\000\040\000P\000e\000n\000g\000e\000m\000b\000a\000n\000g\000a\000n\000/\000P\000e\000n\000g\000u\000k\000u\000r\000a\000n}{chapter.3}% 37
\BOOKMARK [1][-]{section.3.5}{\376\377\000I\000l\000u\000s\000t\000r\000a\000s\000i\000\040\000M\000e\000t\000o\000d\000e\000\040\000P\000e\000n\000g\000e\000m\000b\000a\000n\000g\000a\000n\000/\000P\000e\000n\000g\000u\000k\000u\000r\000a\000n}{chapter.3}% 38
\BOOKMARK [1][-]{section.3.6}{\376\377\000R\000a\000n\000c\000a\000n\000g\000a\000n\000\040\000P\000e\000n\000g\000u\000j\000i\000a\000n}{chapter.3}% 39
\BOOKMARK [0][-]{chapter.4}{\376\377\000H\000a\000s\000i\000l\000\040\000d\000a\000n\000\040\000P\000e\000m\000b\000a\000h\000a\000s\000a\000n}{}% 40
\BOOKMARK [1][-]{section.4.1}{\376\377\000H\000a\000s\000i\000l\000\040\000P\000e\000n\000e\000l\000i\000t\000i\000a\000n}{chapter.4}% 41
\BOOKMARK [1][-]{section.4.2}{\376\377\000H\000a\000s\000i\000l\000\040\000P\000e\000n\000g\000u\000j\000i\000a\000n}{chapter.4}% 42
\BOOKMARK [1][-]{section.4.3}{\376\377\000A\000n\000a\000l\000i\000s\000i\000s\000\040\000H\000a\000s\000i\000l\000\040\000P\000e\000n\000e\000l\000i\000t\000i\000a\000n}{chapter.4}% 43
\BOOKMARK [1][-]{section.4.4}{\376\377\000P\000e\000m\000b\000a\000h\000a\000s\000a\000n}{chapter.4}% 44
\BOOKMARK [0][-]{chapter.5}{\376\377\000K\000e\000s\000i\000m\000p\000u\000l\000a\000n\000\040\000d\000a\000n\000\040\000S\000a\000r\000a\000n}{}% 45
\BOOKMARK [1][-]{section.5.1}{\376\377\000K\000e\000s\000i\000m\000p\000u\000l\000a\000n}{chapter.5}% 46
\BOOKMARK [1][-]{section.5.2}{\376\377\000S\000a\000r\000a\000n}{chapter.5}% 47
\BOOKMARK [0][-]{section*.20}{\376\377\000D\000a\000f\000t\000a\000r\000\040\000P\000u\000s\000t\000a\000k\000a}{}% 48
\BOOKMARK [0][-]{chapter*.21}{\376\377\000L\000a\000m\000p\000i\000r\000a\000n}{}% 49
\BOOKMARK [1][-]{section.Alph0.1}{\376\377\000D\000a\000t\000a\000s\000e\000t}{chapter*.21}% 50
\BOOKMARK [1][-]{section.Alph0.2}{\376\377\000H\000a\000s\000i\000l\000\040\000W\000a\000w\000a\000n\000c\000a\000r\000a}{chapter*.21}% 51
\BOOKMARK [1][-]{section.Alph0.3}{\376\377\000R\000i\000n\000c\000i\000a\000n\000\040\000K\000a\000s\000u\000s\000\040\000U\000j\000i}{chapter*.21}% 52
